<?xml version="1.0" encoding="UTF-8"?>
<!-- Generated by org.testng.reporters.JUnitReportReporter -->
<testsuite hostname="DESKTOP-2STHK7V" failures="0" tests="1" name="landlordTest" time="1.649" errors="0" timestamp="29 Nov 2019 19:40:55 GMT" skipped="0">
  <testcase classname="landlordTest" name="POST_Apartments" time="1.649"/>
</testsuite> <!-- landlordTest -->
