<?xml version="1.0" encoding="UTF-8"?>
<!-- Generated by org.testng.reporters.JUnitReportReporter -->
<testsuite hostname="DESKTOP-2STHK7V" failures="0" tests="1" name="ParseJSON" time="1.559" errors="0" timestamp="02 Dec 2019 06:42:00 GMT" skipped="0">
  <testcase classname="ParseJSON" name="response" time="1.559"/>
</testsuite> <!-- ParseJSON -->
