<?xml version="1.0" encoding="UTF-8"?>
<!-- Generated by org.testng.reporters.JUnitReportReporter -->
<testsuite hostname="DESKTOP-2STHK7V" failures="0" tests="1" name="objectM" time="0.207" errors="0" timestamp="30 Nov 2019 20:53:32 GMT" skipped="0">
  <testcase classname="objectM" name="execution" time="0.207"/>
</testsuite> <!-- objectM -->
